mode: set
github.com/YTsaurus/yt-k8s-operator/controllers/helpers.go:10.52,12.12 2 0
github.com/YTsaurus/yt-k8s-operator/controllers/helpers.go:12.12,14.3 1 0
github.com/YTsaurus/yt-k8s-operator/controllers/helpers.go:15.2,18.16 3 0
github.com/YTsaurus/yt-k8s-operator/controllers/helpers.go:18.16,21.3 2 0
github.com/YTsaurus/yt-k8s-operator/controllers/helpers.go:23.2,27.22 4 0
github.com/YTsaurus/yt-k8s-operator/controllers/sync.go:15.92,29.36 9 0
github.com/YTsaurus/yt-k8s-operator/controllers/sync.go:29.36,32.3 2 0
github.com/YTsaurus/yt-k8s-operator/controllers/sync.go:34.2,34.38 1 0
github.com/YTsaurus/yt-k8s-operator/controllers/sync.go:34.38,37.3 2 0
github.com/YTsaurus/yt-k8s-operator/controllers/sync.go:39.2,39.37 1 0
github.com/YTsaurus/yt-k8s-operator/controllers/sync.go:39.37,42.3 2 0
github.com/YTsaurus/yt-k8s-operator/controllers/sync.go:44.2,44.43 1 0
github.com/YTsaurus/yt-k8s-operator/controllers/sync.go:44.43,47.3 2 0
github.com/YTsaurus/yt-k8s-operator/controllers/sync.go:49.2,49.31 1 0
github.com/YTsaurus/yt-k8s-operator/controllers/sync.go:49.31,52.3 2 0
github.com/YTsaurus/yt-k8s-operator/controllers/sync.go:54.2,54.15 1 0
github.com/YTsaurus/yt-k8s-operator/controllers/sync.go:57.133,59.57 2 0
github.com/YTsaurus/yt-k8s-operator/controllers/sync.go:59.57,63.3 3 0
github.com/YTsaurus/yt-k8s-operator/controllers/sync.go:64.2,64.12 1 0
github.com/YTsaurus/yt-k8s-operator/controllers/sync.go:67.102,72.33 4 0
github.com/YTsaurus/yt-k8s-operator/controllers/sync.go:72.33,74.17 2 0
github.com/YTsaurus/yt-k8s-operator/controllers/sync.go:74.17,77.4 2 0
github.com/YTsaurus/yt-k8s-operator/controllers/sync.go:79.3,80.43 2 0
github.com/YTsaurus/yt-k8s-operator/controllers/sync.go:80.43,83.4 2 0
github.com/YTsaurus/yt-k8s-operator/controllers/sync.go:86.2,86.68 1 0
github.com/YTsaurus/yt-k8s-operator/controllers/sync.go:86.68,89.3 2 0
github.com/YTsaurus/yt-k8s-operator/controllers/sync.go:91.2,91.67 1 0
github.com/YTsaurus/yt-k8s-operator/controllers/sync.go:91.67,95.3 3 0
github.com/YTsaurus/yt-k8s-operator/controllers/sync.go:97.2,97.55 1 0
github.com/YTsaurus/yt-k8s-operator/controllers/sync.go:97.55,101.3 3 0
github.com/YTsaurus/yt-k8s-operator/controllers/sync.go:104.2,104.15 1 0
github.com/YTsaurus/yt-k8s-operator/controllers/sync.go:104.15,108.3 3 0
github.com/YTsaurus/yt-k8s-operator/controllers/sync.go:110.2,111.44 2 0
github.com/YTsaurus/yt-k8s-operator/controllers/sync.go:111.44,112.63 1 0
github.com/YTsaurus/yt-k8s-operator/controllers/sync.go:112.63,114.49 2 0
github.com/YTsaurus/yt-k8s-operator/controllers/sync.go:114.49,116.5 1 0
github.com/YTsaurus/yt-k8s-operator/controllers/sync.go:120.2,120.17 1 0
github.com/YTsaurus/yt-k8s-operator/controllers/sync.go:120.17,123.3 1 0
github.com/YTsaurus/yt-k8s-operator/controllers/sync.go:125.2,125.40 1 0
github.com/YTsaurus/yt-k8s-operator/controllers/ytsaurus_controller.go:44.100,48.66 3 0
github.com/YTsaurus/yt-k8s-operator/controllers/ytsaurus_controller.go:48.66,54.3 2 0
github.com/YTsaurus/yt-k8s-operator/controllers/ytsaurus_controller.go:55.2,57.31 2 0
github.com/YTsaurus/yt-k8s-operator/controllers/ytsaurus_controller.go:61.71,65.2 1 0
